<?xml version="1.0" encoding="UTF-8"?>
<testsuite xmlns:xsi="http://www.w3.org/2001/XMLSchema-instance" xsi:noNamespaceSchemaLocation="https://maven.apache.org/surefire/maven-surefire-plugin/xsd/surefire-test-report.xsd" version="3.0.2" name="com.springboot.Appsemana01ApplicationTests" time="1.563" tests="1" errors="0" skipped="0" failures="0">
  <properties>
[...]
</properties>
  <testcase name="contextLoads" classname="com.springboot.Appsemana01ApplicationTests" time="0.424">
    <system-out><![CDATA[14:59:13.608 [main] INFO org.springframework.test.context.support.AnnotationConfigContextLoaderUtils -- Could not detect default configuration classes for test class [com.springboot.Appsemana01ApplicationTests]: Appsemana01ApplicationTests does not declare any static, non-private, non-final, nested classes annotated with @Configuration.
14:59:13.665 [main] INFO org.springframework.boot.test.context.SpringBootTestContextBootstrapper -- Found @SpringBootConfiguration com.springboot.Appsemana01Application for test class com.springboot.Appsemana01ApplicationTests

  .   ____          _            __ _ _
 /\\ / ___'_ __ _ _(_)_ __  __ _ \ \ \ \
( ( )\___ | '_ | '_| | '_ \/ _` | \ \ \ \
 \\/  ___)| |_)| | | | | || (_| |  ) ) ) )
  '  |____| .__|_| |_|_| |_\__, | / / / /
 =========|_|==============|___/=/_/_/_/

 :: Spring Boot ::                (v3.4.3)

2025-11-13T14:59:13.907-05:00  INFO 21728 --- [appsemana01] [           main] c.s.Appsemana01ApplicationTests          : Starting Appsemana01ApplicationTests using Java 21.0.5 with PID 21728 (started by sbenites in D:\data_anterior\archivos_d\sbl\sirhan\upc\2025_1\uch\pc_prof\appsemana01)
2025-11-13T14:59:13.908-05:00  INFO 21728 --- [appsemana01] [           main] c.s.Appsemana01ApplicationTests          : No active profile set, falling back to 1 default profile: "default"
2025-11-13T14:59:14.650-05:00  INFO 21728 --- [appsemana01] [           main] c.s.Appsemana01ApplicationTests          : Started Appsemana01ApplicationTests in 0.89 seconds (process running for 1.405)
]]></system-out>
    <system-err><![CDATA[Mockito is currently self-attaching to enable the inline-mock-maker. This will no longer work in future releases of the JDK. Please add Mockito as an agent to your build what is described in Mockito's documentation: https://javadoc.io/doc/org.mockito/mockito-core/latest/org/mockito/Mockito.html#0.3
WARNING: A Java agent has been loaded dynamically (C:\Users\sbenites\.m2\repository\net\bytebuddy\byte-buddy-agent\1.15.11\byte-buddy-agent-1.15.11.jar)
WARNING: If a serviceability tool is in use, please run with -XX:+EnableDynamicAgentLoading to hide this warning
WARNING: If a serviceability tool is not in use, please run with -Djdk.instrument.traceUsage for more information
WARNING: Dynamic loading of agents will be disallowed by default in a future release
]]></system-err>
  </testcase>
</testsuite>